<?xml version="1.0" encoding="UTF-8"?>
<!-- Generated by org.testng.reporters.JUnitXMLReporter -->
<testsuite hostname="posto92" name="UsersTest" tests="8" failures="0" timestamp="21 Mar 2017 14:50:59 GMT" time="437.105" errors="0">
  <testcase name="AddIndividualUser" time="64.444" classname="Tests.AddUserTest"/>
  <testcase name="AddMassUser" time="26.401" classname="Tests.AddUserTest"/>
  <testcase name="DeleteUser" time="115.735" classname="Tests.AddUserTest"/>
  <testcase name="ModifyUser" time="101.656" classname="Tests.AddUserTest"/>
  <testcase name="VerifyAddIndividualUser" time="71.444" classname="Tests.AddUserTest"/>
  <testcase name="VerifyDeletedUser" time="1.401" classname="Tests.AddUserTest"/>
  <testcase name="VerifyMass" time="10.247" classname="Tests.AddUserTest"/>
  <testcase name="VerifyModifyUser" time="40.045" classname="Tests.AddUserTest"/>
</testsuite> <!-- UsersTest -->
