<?xml version="1.0" encoding="UTF-8"?>
<testng-results skipped="0" failed="0" total="1" passed="1">
  <reporter-output>
  </reporter-output>
  <suite name="UsersSuite" duration-ms="155230" started-at="2017-03-22T11:48:16Z" finished-at="2017-03-22T11:50:51Z">
    <groups>
      <group name="VerifyMass">
        <method signature="AddUserTest.VerifyMass()[pri:2, instance:Tests.AddUserTest@27d8f985]" name="VerifyMass" class="Tests.AddUserTest"/>
      </group> <!-- VerifyMass -->
    </groups>
    <test name="UsersTest" duration-ms="155230" started-at="2017-03-22T11:48:16Z" finished-at="2017-03-22T11:50:51Z">
      <class name="Tests.AddUserTest">
        <test-method status="PASS" signature="setup()[pri:0, instance:Tests.AddUserTest@27d8f985]" name="setup" is-config="true" duration-ms="1579" started-at="2017-03-22T11:48:16Z" finished-at="2017-03-22T11:48:17Z">
          <reporter-output>
          </reporter-output>
        </test-method> <!-- setup -->
        <test-method status="PASS" signature="VerifyMass()[pri:2, instance:Tests.AddUserTest@27d8f985]" name="VerifyMass" duration-ms="153639" started-at="2017-03-22T11:48:17Z" finished-at="2017-03-22T11:50:51Z">
          <reporter-output>
          </reporter-output>
        </test-method> <!-- VerifyMass -->
      </class> <!-- Tests.AddUserTest -->
    </test> <!-- UsersTest -->
  </suite> <!-- UsersSuite -->
</testng-results>
